<?xml version="1.0" encoding="UTF-8"?>
<coverage generated="1560958134903" clover="3.2.0">
  <project timestamp="1560958134903" name="All files">
    <metrics statements="72" coveredstatements="72" conditionals="44" coveredconditionals="44" methods="7" coveredmethods="7" elements="123" coveredelements="123" complexity="0" loc="72" ncloc="72" packages="1" files="1" classes="1"/>
    <file name="index.ts" path="/Users/nimo/Documents/typejson/js/src/index.ts">
      <metrics statements="72" coveredstatements="72" conditionals="44" coveredconditionals="44" methods="7" coveredmethods="7"/>
      <line num="1" count="1" type="stmt"/>
      <line num="3" count="1" type="stmt"/>
      <line num="5" count="1" type="stmt"/>
      <line num="7" count="1" type="stmt"/>
      <line num="21" count="1" type="stmt"/>
      <line num="22" count="1" type="stmt"/>
      <line num="23" count="25" type="stmt"/>
      <line num="24" count="25" type="stmt"/>
      <line num="25" count="25" type="stmt"/>
      <line num="26" count="9" type="cond" truecount="2" falsecount="0"/>
      <line num="27" count="1" type="stmt"/>
      <line num="28" count="1" type="stmt"/>
      <line num="31" count="25" type="stmt"/>
      <line num="32" count="35" type="stmt"/>
      <line num="33" count="35" type="cond" truecount="2" falsecount="0"/>
      <line num="34" count="2" type="stmt"/>
      <line num="36" count="33" type="stmt"/>
      <line num="37" count="33" type="stmt"/>
      <line num="38" count="33" type="stmt"/>
      <line num="40" count="33" type="stmt"/>
      <line num="41" count="36" type="stmt"/>
      <line num="42" count="36" type="stmt"/>
      <line num="43" count="36" type="cond" truecount="2" falsecount="0"/>
      <line num="47" count="3" type="stmt"/>
      <line num="50" count="33" type="stmt"/>
      <line num="51" count="33" type="stmt"/>
      <line num="52" count="33" type="stmt"/>
      <line num="53" count="33" type="cond" truecount="2" falsecount="0"/>
      <line num="58" count="11" type="stmt"/>
      <line num="62" count="11" type="stmt"/>
      <line num="63" count="11" type="cond" truecount="2" falsecount="0"/>
      <line num="64" count="4" type="stmt"/>
      <line num="65" count="2" type="stmt"/>
      <line num="66" count="2" type="stmt"/>
      <line num="69" count="9" type="stmt"/>
      <line num="71" count="11" type="stmt"/>
      <line num="73" count="33" type="stmt"/>
      <line num="74" count="33" type="cond" truecount="2" falsecount="0"/>
      <line num="75" count="1" type="stmt"/>
      <line num="77" count="32" type="stmt"/>
      <line num="78" count="32" type="stmt"/>
      <line num="79" count="32" type="cond" truecount="4" falsecount="0"/>
      <line num="80" count="4" type="stmt"/>
      <line num="82" count="28" type="stmt"/>
      <line num="83" count="28" type="cond" truecount="4" falsecount="0"/>
      <line num="84" count="1" type="stmt"/>
      <line num="86" count="28" type="cond" truecount="2" falsecount="0"/>
      <line num="88" count="28" type="stmt"/>
      <line num="89" count="28" type="cond" truecount="2" falsecount="0"/>
      <line num="90" count="28" type="cond" truecount="2" falsecount="0"/>
      <line num="91" count="6" type="stmt"/>
      <line num="94" count="28" type="cond" truecount="2" falsecount="0"/>
      <line num="95" count="14" type="stmt"/>
      <line num="102" count="14" type="stmt"/>
      <line num="104" count="28" type="cond" truecount="2" falsecount="0"/>
      <line num="105" count="6" type="stmt"/>
      <line num="108" count="28" type="cond" truecount="4" falsecount="0"/>
      <line num="109" count="2" type="stmt"/>
      <line num="110" count="2" type="cond" truecount="2" falsecount="0"/>
      <line num="111" count="1" type="stmt"/>
      <line num="113" count="1" type="stmt"/>
      <line num="114" count="1" type="stmt"/>
      <line num="116" count="27" type="cond" truecount="4" falsecount="0"/>
      <line num="117" count="1" type="stmt"/>
      <line num="119" count="26" type="cond" truecount="4" falsecount="0"/>
      <line num="120" count="1" type="stmt"/>
      <line num="122" count="25" type="stmt"/>
      <line num="124" count="17" type="stmt"/>
      <line num="126" count="1" type="stmt"/>
      <line num="128" count="1" type="stmt"/>
      <line num="129" count="1" type="stmt"/>
      <line num="130" count="1" type="stmt"/>
    </file>
  </project>
</coverage>
