{"/Users/nimo/Documents/typejson/js/src/createOrGetValue.ts": {"path":"/Users/nimo/Documents/typejson/js/src/createOrGetValue.ts","statementMap":{"0":{"start":{"line":2,"column":25},"end":{"line":2,"column":29}},"1":{"start":{"line":4,"column":2},"end":{"line":11,"column":null}},"2":{"start":{"line":5,"column":21},"end":{"line":5,"column":49}},"3":{"start":{"line":6,"column":4},"end":{"line":9,"column":null}},"4":{"start":{"line":7,"column":6},"end":{"line":7,"column":null}},"5":{"start":{"line":8,"column":6},"end":{"line":8,"column":12}},"6":{"start":{"line":10,"column":4},"end":{"line":10,"column":null}},"7":{"start":{"line":12,"column":2},"end":{"line":12,"column":null}},"8":{"start":{"line":15,"column":9},"end":{"line":15,"column":25}}},"fnMap":{"0":{"name":"createOrGetValue","decl":{"start":{"line":1,"column":9},"end":{"line":1,"column":25}},"loc":{"start":{"line":1,"column":56},"end":{"line":13,"column":1}}},"1":{"name":"(anonymous_1)","decl":{"start":{"line":4,"column":19},"end":{"line":4,"column":29}},"loc":{"start":{"line":4,"column":54},"end":{"line":11,"column":3}}}},"branchMap":{"0":{"loc":{"start":{"line":6,"column":4},"end":{"line":9,"column":null}},"type":"if","locations":[{"start":{"line":6,"column":4},"end":{"line":9,"column":null}},{"start":{"line":6,"column":4},"end":{"line":9,"column":null}}]},"1":{"loc":{"start":{"line":10,"column":18},"end":{"line":10,"column":34}},"type":"binary-expr","locations":[{"start":{"line":10,"column":18},"end":{"line":10,"column":34}},{"start":{"line":10,"column":38},"end":{"line":10,"column":40}}]}},"s":{"0":1,"1":1,"2":1,"3":1,"4":1,"5":1,"6":0,"7":1,"8":1},"f":{"0":1,"1":1},"b":{"0":[1,0],"1":[0,0]}}
,"/Users/nimo/Documents/typejson/js/src/index.ts": {"path":"/Users/nimo/Documents/typejson/js/src/index.ts","statementMap":{"0":{"start":{"line":1,"column":16},"end":{"line":1,"column":33}},"1":{"start":{"line":2,"column":14},"end":{"line":2,"column":30}},"2":{"start":{"line":4,"column":0},"end":{"line":4,"column":53}},"3":{"start":{"line":6,"column":12},"end":{"line":6,"column":23}},"4":{"start":{"line":8,"column":23},"end":{"line":20,"column":null}},"5":{"start":{"line":22,"column":0},"end":{"line":22,"column":null}},"6":{"start":{"line":23,"column":2},"end":{"line":116,"column":null}},"7":{"start":{"line":24,"column":4},"end":{"line":24,"column":null}},"8":{"start":{"line":25,"column":21},"end":{"line":25,"column":23}},"9":{"start":{"line":26,"column":4},"end":{"line":31,"column":null}},"10":{"start":{"line":27,"column":6},"end":{"line":30,"column":null}},"11":{"start":{"line":28,"column":8},"end":{"line":28,"column":null}},"12":{"start":{"line":29,"column":8},"end":{"line":29,"column":null}},"13":{"start":{"line":32,"column":4},"end":{"line":114,"column":null}},"14":{"start":{"line":33,"column":31},"end":{"line":33,"column":35}},"15":{"start":{"line":34,"column":6},"end":{"line":36,"column":null}},"16":{"start":{"line":35,"column":8},"end":{"line":35,"column":14}},"17":{"start":{"line":37,"column":6},"end":{"line":37,"column":null}},"18":{"start":{"line":38,"column":21},"end":{"line":38,"column":36}},"19":{"start":{"line":39,"column":6},"end":{"line":39,"column":null}},"20":{"start":{"line":41,"column":23},"end":{"line":41,"column":57}},"21":{"start":{"line":42,"column":28},"end":{"line":42,"column":42}},"22":{"start":{"line":43,"column":26},"end":{"line":43,"column":43}},"23":{"start":{"line":44,"column":6},"end":{"line":63,"column":null}},"24":{"start":{"line":49,"column":47},"end":{"line":52,"column":null}},"25":{"start":{"line":53,"column":26},"end":{"line":53,"column":28}},"26":{"start":{"line":54,"column":8},"end":{"line":61,"column":null}},"27":{"start":{"line":55,"column":10},"end":{"line":55,"column":null}},"28":{"start":{"line":55,"column":64},"end":{"line":55,"column":84}},"29":{"start":{"line":56,"column":10},"end":{"line":56,"column":null}},"30":{"start":{"line":57,"column":10},"end":{"line":57,"column":null}},"31":{"start":{"line":60,"column":10},"end":{"line":60,"column":null}},"32":{"start":{"line":62,"column":8},"end":{"line":62,"column":null}},"33":{"start":{"line":64,"column":6},"end":{"line":64,"column":null}},"34":{"start":{"line":65,"column":6},"end":{"line":67,"column":null}},"35":{"start":{"line":66,"column":8},"end":{"line":66,"column":null}},"36":{"start":{"line":68,"column":21},"end":{"line":68,"column":60}},"37":{"start":{"line":69,"column":39},"end":{"line":69,"column":58}},"38":{"start":{"line":70,"column":6},"end":{"line":72,"column":null}},"39":{"start":{"line":71,"column":8},"end":{"line":71,"column":null}},"40":{"start":{"line":73,"column":23},"end":{"line":73,"column":53}},"41":{"start":{"line":74,"column":6},"end":{"line":76,"column":null}},"42":{"start":{"line":75,"column":8},"end":{"line":75,"column":null}},"43":{"start":{"line":77,"column":34},"end":{"line":77,"column":57}},"44":{"start":{"line":79,"column":7},"end":{"line":84,"column":null}},"45":{"start":{"line":80,"column":8},"end":{"line":80,"column":null}},"46":{"start":{"line":81,"column":8},"end":{"line":83,"column":null}},"47":{"start":{"line":82,"column":10},"end":{"line":82,"column":null}},"48":{"start":{"line":85,"column":6},"end":{"line":94,"column":null}},"49":{"start":{"line":86,"column":33},"end":{"line":92,"column":null}},"50":{"start":{"line":93,"column":8},"end":{"line":93,"column":null}},"51":{"start":{"line":95,"column":6},"end":{"line":97,"column":null}},"52":{"start":{"line":96,"column":8},"end":{"line":96,"column":null}},"53":{"start":{"line":99,"column":6},"end":{"line":106,"column":null}},"54":{"start":{"line":100,"column":25},"end":{"line":100,"column":38}},"55":{"start":{"line":101,"column":8},"end":{"line":103,"column":null}},"56":{"start":{"line":102,"column":10},"end":{"line":102,"column":null}},"57":{"start":{"line":104,"column":8},"end":{"line":104,"column":null}},"58":{"start":{"line":105,"column":8},"end":{"line":105,"column":null}},"59":{"start":{"line":107,"column":6},"end":{"line":109,"column":null}},"60":{"start":{"line":108,"column":8},"end":{"line":108,"column":null}},"61":{"start":{"line":110,"column":6},"end":{"line":112,"column":null}},"62":{"start":{"line":111,"column":8},"end":{"line":111,"column":null}},"63":{"start":{"line":113,"column":6},"end":{"line":113,"column":null}},"64":{"start":{"line":115,"column":4},"end":{"line":115,"column":null}},"65":{"start":{"line":117,"column":0},"end":{"line":117,"column":null}},"66":{"start":{"line":120,"column":9},"end":{"line":120,"column":17}},"67":{"start":{"line":119,"column":0},"end":{"line":119,"column":null}},"68":{"start":{"line":121,"column":0},"end":{"line":121,"column":null}}},"fnMap":{"0":{"name":"(anonymous_0)","decl":{"start":{"line":22,"column":0},"end":{"line":22,"column":null}},"loc":{"start":{"line":22,"column":0},"end":{"line":117,"column":null}}},"1":{"name":"(anonymous_2)","decl":{"start":{"line":23,"column":2},"end":{"line":23,"column":7}},"loc":{"start":{"line":23,"column":36},"end":{"line":116,"column":3}}},"2":{"name":"(anonymous_3)","decl":{"start":{"line":26,"column":32},"end":{"line":26,"column":42}},"loc":{"start":{"line":26,"column":45},"end":{"line":31,"column":5}}},"3":{"name":"(anonymous_4)","decl":{"start":{"line":32,"column":31},"end":{"line":32,"column":32}},"loc":{"start":{"line":32,"column":43},"end":{"line":114,"column":5}}},"4":{"name":"(anonymous_5)","decl":{"start":{"line":55,"column":48},"end":{"line":55,"column":57}},"loc":{"start":{"line":55,"column":62},"end":{"line":55,"column":84}}},"5":{"name":"(anonymous_6)","decl":{"start":{"line":79,"column":8},"end":{"line":79,"column":null}},"loc":{"start":{"line":79,"column":8},"end":{"line":84,"column":7}}}},"branchMap":{"0":{"loc":{"start":{"line":27,"column":6},"end":{"line":30,"column":null}},"type":"if","locations":[{"start":{"line":27,"column":6},"end":{"line":30,"column":null}},{"start":{"line":27,"column":6},"end":{"line":30,"column":null}}]},"1":{"loc":{"start":{"line":34,"column":6},"end":{"line":36,"column":null}},"type":"if","locations":[{"start":{"line":34,"column":6},"end":{"line":36,"column":null}},{"start":{"line":34,"column":6},"end":{"line":36,"column":null}}]},"2":{"loc":{"start":{"line":44,"column":6},"end":{"line":63,"column":null}},"type":"if","locations":[{"start":{"line":44,"column":6},"end":{"line":63,"column":null}},{"start":{"line":44,"column":6},"end":{"line":63,"column":null}}]},"3":{"loc":{"start":{"line":54,"column":8},"end":{"line":61,"column":null}},"type":"if","locations":[{"start":{"line":54,"column":8},"end":{"line":61,"column":null}},{"start":{"line":54,"column":8},"end":{"line":61,"column":null}}]},"4":{"loc":{"start":{"line":65,"column":6},"end":{"line":67,"column":null}},"type":"if","locations":[{"start":{"line":65,"column":6},"end":{"line":67,"column":null}},{"start":{"line":65,"column":6},"end":{"line":67,"column":null}}]},"5":{"loc":{"start":{"line":70,"column":6},"end":{"line":72,"column":null}},"type":"if","locations":[{"start":{"line":70,"column":6},"end":{"line":72,"column":null}},{"start":{"line":70,"column":6},"end":{"line":72,"column":null}}]},"6":{"loc":{"start":{"line":70,"column":10},"end":{"line":70,"column":18}},"type":"binary-expr","locations":[{"start":{"line":70,"column":10},"end":{"line":70,"column":18}},{"start":{"line":70,"column":22},"end":{"line":70,"column":38}}]},"7":{"loc":{"start":{"line":74,"column":6},"end":{"line":76,"column":null}},"type":"if","locations":[{"start":{"line":74,"column":6},"end":{"line":76,"column":null}},{"start":{"line":74,"column":6},"end":{"line":76,"column":null}}]},"8":{"loc":{"start":{"line":74,"column":10},"end":{"line":74,"column":18}},"type":"binary-expr","locations":[{"start":{"line":74,"column":10},"end":{"line":74,"column":18}},{"start":{"line":74,"column":22},"end":{"line":74,"column":32}}]},"9":{"loc":{"start":{"line":77,"column":34},"end":{"line":77,"column":43}},"type":"binary-expr","locations":[{"start":{"line":77,"column":34},"end":{"line":77,"column":43}},{"start":{"line":77,"column":47},"end":{"line":77,"column":57}}]},"10":{"loc":{"start":{"line":80,"column":38},"end":{"line":80,"column":47}},"type":"binary-expr","locations":[{"start":{"line":80,"column":38},"end":{"line":80,"column":47}},{"start":{"line":80,"column":51},"end":{"line":80,"column":67}}]},"11":{"loc":{"start":{"line":81,"column":8},"end":{"line":83,"column":null}},"type":"if","locations":[{"start":{"line":81,"column":8},"end":{"line":83,"column":null}},{"start":{"line":81,"column":8},"end":{"line":83,"column":null}}]},"12":{"loc":{"start":{"line":85,"column":6},"end":{"line":94,"column":null}},"type":"if","locations":[{"start":{"line":85,"column":6},"end":{"line":94,"column":null}},{"start":{"line":85,"column":6},"end":{"line":94,"column":null}}]},"13":{"loc":{"start":{"line":95,"column":6},"end":{"line":97,"column":null}},"type":"if","locations":[{"start":{"line":95,"column":6},"end":{"line":97,"column":null}},{"start":{"line":95,"column":6},"end":{"line":97,"column":null}}]},"14":{"loc":{"start":{"line":99,"column":6},"end":{"line":106,"column":null}},"type":"if","locations":[{"start":{"line":99,"column":6},"end":{"line":106,"column":null}},{"start":{"line":99,"column":6},"end":{"line":106,"column":null}}]},"15":{"loc":{"start":{"line":99,"column":10},"end":{"line":99,"column":36}},"type":"binary-expr","locations":[{"start":{"line":99,"column":10},"end":{"line":99,"column":36}},{"start":{"line":99,"column":40},"end":{"line":99,"column":60}}]},"16":{"loc":{"start":{"line":101,"column":8},"end":{"line":103,"column":null}},"type":"if","locations":[{"start":{"line":101,"column":8},"end":{"line":103,"column":null}},{"start":{"line":101,"column":8},"end":{"line":103,"column":null}}]},"17":{"loc":{"start":{"line":107,"column":6},"end":{"line":109,"column":null}},"type":"if","locations":[{"start":{"line":107,"column":6},"end":{"line":109,"column":null}},{"start":{"line":107,"column":6},"end":{"line":109,"column":null}}]},"18":{"loc":{"start":{"line":107,"column":10},"end":{"line":107,"column":18}},"type":"binary-expr","locations":[{"start":{"line":107,"column":10},"end":{"line":107,"column":18}},{"start":{"line":107,"column":22},"end":{"line":107,"column":47}}]},"19":{"loc":{"start":{"line":110,"column":6},"end":{"line":112,"column":null}},"type":"if","locations":[{"start":{"line":110,"column":6},"end":{"line":112,"column":null}},{"start":{"line":110,"column":6},"end":{"line":112,"column":null}}]},"20":{"loc":{"start":{"line":110,"column":10},"end":{"line":110,"column":25}},"type":"binary-expr","locations":[{"start":{"line":110,"column":10},"end":{"line":110,"column":25}},{"start":{"line":110,"column":29},"end":{"line":110,"column":69}}]}},"s":{"0":1,"1":1,"2":1,"3":1,"4":1,"5":1,"6":1,"7":1,"8":1,"9":1,"10":0,"11":0,"12":0,"13":1,"14":1,"15":1,"16":0,"17":1,"18":1,"19":1,"20":1,"21":1,"22":1,"23":1,"24":0,"25":0,"26":0,"27":0,"28":0,"29":0,"30":0,"31":0,"32":0,"33":1,"34":1,"35":0,"36":1,"37":1,"38":1,"39":0,"40":1,"41":1,"42":0,"43":1,"44":1,"45":1,"46":1,"47":0,"48":1,"49":0,"50":0,"51":1,"52":0,"53":1,"54":0,"55":0,"56":0,"57":0,"58":0,"59":1,"60":1,"61":0,"62":0,"63":0,"64":0,"65":1,"66":1,"67":1,"68":1},"f":{"0":2,"1":1,"2":0,"3":1,"4":0,"5":1},"b":{"0":[0,0],"1":[0,1],"2":[0,1],"3":[0,0],"4":[0,1],"5":[0,1],"6":[1,1],"7":[0,1],"8":[1,1],"9":[1,0],"10":[1,0],"11":[0,1],"12":[0,1],"13":[0,1],"14":[0,1],"15":[1,0],"16":[0,0],"17":[1,0],"18":[1,1],"19":[0,0],"20":[0,0]}}
}
