{"/Users/nimo/Documents/typejson/js/src/index.ts": {"path":"/Users/nimo/Documents/typejson/js/src/index.ts","statementMap":{"0":{"start":{"line":1,"column":16},"end":{"line":1,"column":33}},"1":{"start":{"line":3,"column":14},"end":{"line":3,"column":30}},"2":{"start":{"line":5,"column":12},"end":{"line":5,"column":23}},"3":{"start":{"line":7,"column":23},"end":{"line":19,"column":null}},"4":{"start":{"line":21,"column":0},"end":{"line":21,"column":null}},"5":{"start":{"line":22,"column":2},"end":{"line":125,"column":null}},"6":{"start":{"line":23,"column":4},"end":{"line":23,"column":null}},"7":{"start":{"line":24,"column":21},"end":{"line":24,"column":23}},"8":{"start":{"line":25,"column":4},"end":{"line":30,"column":null}},"9":{"start":{"line":26,"column":6},"end":{"line":29,"column":null}},"10":{"start":{"line":27,"column":8},"end":{"line":27,"column":null}},"11":{"start":{"line":28,"column":8},"end":{"line":28,"column":null}},"12":{"start":{"line":31,"column":4},"end":{"line":123,"column":null}},"13":{"start":{"line":32,"column":31},"end":{"line":32,"column":35}},"14":{"start":{"line":33,"column":6},"end":{"line":35,"column":null}},"15":{"start":{"line":34,"column":8},"end":{"line":34,"column":14}},"16":{"start":{"line":36,"column":6},"end":{"line":36,"column":null}},"17":{"start":{"line":37,"column":21},"end":{"line":37,"column":36}},"18":{"start":{"line":38,"column":6},"end":{"line":38,"column":null}},"19":{"start":{"line":40,"column":6},"end":{"line":49,"column":null}},"20":{"start":{"line":41,"column":33},"end":{"line":41,"column":59}},"21":{"start":{"line":42,"column":30},"end":{"line":42,"column":55}},"22":{"start":{"line":43,"column":8},"end":{"line":48,"column":null}},"23":{"start":{"line":47,"column":10},"end":{"line":47,"column":null}},"24":{"start":{"line":50,"column":23},"end":{"line":50,"column":59}},"25":{"start":{"line":51,"column":28},"end":{"line":51,"column":42}},"26":{"start":{"line":52,"column":26},"end":{"line":52,"column":43}},"27":{"start":{"line":53,"column":6},"end":{"line":72,"column":null}},"28":{"start":{"line":58,"column":47},"end":{"line":61,"column":null}},"29":{"start":{"line":62,"column":26},"end":{"line":62,"column":28}},"30":{"start":{"line":63,"column":8},"end":{"line":70,"column":null}},"31":{"start":{"line":64,"column":10},"end":{"line":64,"column":null}},"32":{"start":{"line":64,"column":64},"end":{"line":64,"column":84}},"33":{"start":{"line":65,"column":10},"end":{"line":65,"column":null}},"34":{"start":{"line":66,"column":10},"end":{"line":66,"column":null}},"35":{"start":{"line":69,"column":10},"end":{"line":69,"column":null}},"36":{"start":{"line":71,"column":8},"end":{"line":71,"column":null}},"37":{"start":{"line":73,"column":6},"end":{"line":73,"column":null}},"38":{"start":{"line":74,"column":6},"end":{"line":76,"column":null}},"39":{"start":{"line":75,"column":8},"end":{"line":75,"column":null}},"40":{"start":{"line":77,"column":21},"end":{"line":77,"column":60}},"41":{"start":{"line":78,"column":39},"end":{"line":78,"column":58}},"42":{"start":{"line":79,"column":6},"end":{"line":81,"column":null}},"43":{"start":{"line":80,"column":8},"end":{"line":80,"column":null}},"44":{"start":{"line":82,"column":23},"end":{"line":82,"column":53}},"45":{"start":{"line":83,"column":6},"end":{"line":85,"column":null}},"46":{"start":{"line":84,"column":8},"end":{"line":84,"column":null}},"47":{"start":{"line":86,"column":34},"end":{"line":86,"column":57}},"48":{"start":{"line":88,"column":7},"end":{"line":93,"column":null}},"49":{"start":{"line":89,"column":8},"end":{"line":89,"column":null}},"50":{"start":{"line":90,"column":8},"end":{"line":92,"column":null}},"51":{"start":{"line":91,"column":10},"end":{"line":91,"column":null}},"52":{"start":{"line":94,"column":6},"end":{"line":103,"column":null}},"53":{"start":{"line":95,"column":33},"end":{"line":101,"column":null}},"54":{"start":{"line":102,"column":8},"end":{"line":102,"column":null}},"55":{"start":{"line":104,"column":6},"end":{"line":106,"column":null}},"56":{"start":{"line":105,"column":8},"end":{"line":105,"column":null}},"57":{"start":{"line":108,"column":6},"end":{"line":115,"column":null}},"58":{"start":{"line":109,"column":25},"end":{"line":109,"column":38}},"59":{"start":{"line":110,"column":8},"end":{"line":112,"column":null}},"60":{"start":{"line":111,"column":10},"end":{"line":111,"column":null}},"61":{"start":{"line":113,"column":8},"end":{"line":113,"column":null}},"62":{"start":{"line":114,"column":8},"end":{"line":114,"column":null}},"63":{"start":{"line":116,"column":6},"end":{"line":118,"column":null}},"64":{"start":{"line":117,"column":8},"end":{"line":117,"column":null}},"65":{"start":{"line":119,"column":6},"end":{"line":121,"column":null}},"66":{"start":{"line":120,"column":8},"end":{"line":120,"column":null}},"67":{"start":{"line":122,"column":6},"end":{"line":122,"column":null}},"68":{"start":{"line":124,"column":4},"end":{"line":124,"column":null}},"69":{"start":{"line":126,"column":0},"end":{"line":126,"column":null}},"70":{"start":{"line":129,"column":9},"end":{"line":129,"column":17}},"71":{"start":{"line":128,"column":0},"end":{"line":128,"column":null}},"72":{"start":{"line":130,"column":0},"end":{"line":130,"column":null}}},"fnMap":{"0":{"name":"(anonymous_0)","decl":{"start":{"line":21,"column":0},"end":{"line":21,"column":null}},"loc":{"start":{"line":21,"column":0},"end":{"line":126,"column":null}}},"1":{"name":"(anonymous_2)","decl":{"start":{"line":22,"column":2},"end":{"line":22,"column":7}},"loc":{"start":{"line":22,"column":36},"end":{"line":125,"column":3}}},"2":{"name":"(anonymous_3)","decl":{"start":{"line":25,"column":32},"end":{"line":25,"column":42}},"loc":{"start":{"line":25,"column":45},"end":{"line":30,"column":5}}},"3":{"name":"(anonymous_4)","decl":{"start":{"line":31,"column":31},"end":{"line":31,"column":32}},"loc":{"start":{"line":31,"column":43},"end":{"line":123,"column":5}}},"4":{"name":"(anonymous_5)","decl":{"start":{"line":40,"column":23},"end":{"line":40,"column":33}},"loc":{"start":{"line":40,"column":42},"end":{"line":49,"column":7}}},"5":{"name":"(anonymous_6)","decl":{"start":{"line":64,"column":48},"end":{"line":64,"column":57}},"loc":{"start":{"line":64,"column":62},"end":{"line":64,"column":84}}},"6":{"name":"(anonymous_7)","decl":{"start":{"line":88,"column":8},"end":{"line":88,"column":null}},"loc":{"start":{"line":88,"column":8},"end":{"line":93,"column":7}}}},"branchMap":{"0":{"loc":{"start":{"line":26,"column":6},"end":{"line":29,"column":null}},"type":"if","locations":[{"start":{"line":26,"column":6},"end":{"line":29,"column":null}},{"start":{"line":26,"column":6},"end":{"line":29,"column":null}}]},"1":{"loc":{"start":{"line":33,"column":6},"end":{"line":35,"column":null}},"type":"if","locations":[{"start":{"line":33,"column":6},"end":{"line":35,"column":null}},{"start":{"line":33,"column":6},"end":{"line":35,"column":null}}]},"2":{"loc":{"start":{"line":43,"column":8},"end":{"line":48,"column":null}},"type":"if","locations":[{"start":{"line":43,"column":8},"end":{"line":48,"column":null}},{"start":{"line":43,"column":8},"end":{"line":48,"column":null}}]},"3":{"loc":{"start":{"line":53,"column":6},"end":{"line":72,"column":null}},"type":"if","locations":[{"start":{"line":53,"column":6},"end":{"line":72,"column":null}},{"start":{"line":53,"column":6},"end":{"line":72,"column":null}}]},"4":{"loc":{"start":{"line":63,"column":8},"end":{"line":70,"column":null}},"type":"if","locations":[{"start":{"line":63,"column":8},"end":{"line":70,"column":null}},{"start":{"line":63,"column":8},"end":{"line":70,"column":null}}]},"5":{"loc":{"start":{"line":74,"column":6},"end":{"line":76,"column":null}},"type":"if","locations":[{"start":{"line":74,"column":6},"end":{"line":76,"column":null}},{"start":{"line":74,"column":6},"end":{"line":76,"column":null}}]},"6":{"loc":{"start":{"line":79,"column":6},"end":{"line":81,"column":null}},"type":"if","locations":[{"start":{"line":79,"column":6},"end":{"line":81,"column":null}},{"start":{"line":79,"column":6},"end":{"line":81,"column":null}}]},"7":{"loc":{"start":{"line":79,"column":10},"end":{"line":79,"column":18}},"type":"binary-expr","locations":[{"start":{"line":79,"column":10},"end":{"line":79,"column":18}},{"start":{"line":79,"column":22},"end":{"line":79,"column":38}}]},"8":{"loc":{"start":{"line":83,"column":6},"end":{"line":85,"column":null}},"type":"if","locations":[{"start":{"line":83,"column":6},"end":{"line":85,"column":null}},{"start":{"line":83,"column":6},"end":{"line":85,"column":null}}]},"9":{"loc":{"start":{"line":83,"column":10},"end":{"line":83,"column":18}},"type":"binary-expr","locations":[{"start":{"line":83,"column":10},"end":{"line":83,"column":18}},{"start":{"line":83,"column":22},"end":{"line":83,"column":32}}]},"10":{"loc":{"start":{"line":86,"column":34},"end":{"line":86,"column":43}},"type":"binary-expr","locations":[{"start":{"line":86,"column":34},"end":{"line":86,"column":43}},{"start":{"line":86,"column":47},"end":{"line":86,"column":57}}]},"11":{"loc":{"start":{"line":89,"column":38},"end":{"line":89,"column":47}},"type":"binary-expr","locations":[{"start":{"line":89,"column":38},"end":{"line":89,"column":47}},{"start":{"line":89,"column":51},"end":{"line":89,"column":67}}]},"12":{"loc":{"start":{"line":90,"column":8},"end":{"line":92,"column":null}},"type":"if","locations":[{"start":{"line":90,"column":8},"end":{"line":92,"column":null}},{"start":{"line":90,"column":8},"end":{"line":92,"column":null}}]},"13":{"loc":{"start":{"line":94,"column":6},"end":{"line":103,"column":null}},"type":"if","locations":[{"start":{"line":94,"column":6},"end":{"line":103,"column":null}},{"start":{"line":94,"column":6},"end":{"line":103,"column":null}}]},"14":{"loc":{"start":{"line":104,"column":6},"end":{"line":106,"column":null}},"type":"if","locations":[{"start":{"line":104,"column":6},"end":{"line":106,"column":null}},{"start":{"line":104,"column":6},"end":{"line":106,"column":null}}]},"15":{"loc":{"start":{"line":108,"column":6},"end":{"line":115,"column":null}},"type":"if","locations":[{"start":{"line":108,"column":6},"end":{"line":115,"column":null}},{"start":{"line":108,"column":6},"end":{"line":115,"column":null}}]},"16":{"loc":{"start":{"line":108,"column":10},"end":{"line":108,"column":36}},"type":"binary-expr","locations":[{"start":{"line":108,"column":10},"end":{"line":108,"column":36}},{"start":{"line":108,"column":40},"end":{"line":108,"column":60}}]},"17":{"loc":{"start":{"line":110,"column":8},"end":{"line":112,"column":null}},"type":"if","locations":[{"start":{"line":110,"column":8},"end":{"line":112,"column":null}},{"start":{"line":110,"column":8},"end":{"line":112,"column":null}}]},"18":{"loc":{"start":{"line":116,"column":6},"end":{"line":118,"column":null}},"type":"if","locations":[{"start":{"line":116,"column":6},"end":{"line":118,"column":null}},{"start":{"line":116,"column":6},"end":{"line":118,"column":null}}]},"19":{"loc":{"start":{"line":116,"column":10},"end":{"line":116,"column":18}},"type":"binary-expr","locations":[{"start":{"line":116,"column":10},"end":{"line":116,"column":18}},{"start":{"line":116,"column":22},"end":{"line":116,"column":47}}]},"20":{"loc":{"start":{"line":119,"column":6},"end":{"line":121,"column":null}},"type":"if","locations":[{"start":{"line":119,"column":6},"end":{"line":121,"column":null}},{"start":{"line":119,"column":6},"end":{"line":121,"column":null}}]},"21":{"loc":{"start":{"line":119,"column":10},"end":{"line":119,"column":25}},"type":"binary-expr","locations":[{"start":{"line":119,"column":10},"end":{"line":119,"column":25}},{"start":{"line":119,"column":29},"end":{"line":119,"column":69}}]}},"s":{"0":1,"1":1,"2":1,"3":1,"4":1,"5":1,"6":25,"7":25,"8":25,"9":9,"10":1,"11":1,"12":25,"13":35,"14":35,"15":2,"16":33,"17":33,"18":33,"19":33,"20":36,"21":36,"22":36,"23":3,"24":33,"25":33,"26":33,"27":33,"28":11,"29":11,"30":11,"31":2,"32":4,"33":2,"34":2,"35":9,"36":11,"37":33,"38":33,"39":1,"40":32,"41":32,"42":32,"43":4,"44":28,"45":28,"46":1,"47":28,"48":28,"49":28,"50":28,"51":6,"52":28,"53":14,"54":14,"55":28,"56":6,"57":28,"58":2,"59":2,"60":1,"61":1,"62":1,"63":27,"64":1,"65":26,"66":1,"67":25,"68":17,"69":1,"70":1,"71":1,"72":1},"f":{"0":25,"1":25,"2":9,"3":35,"4":36,"5":4,"6":28},"b":{"0":[1,8],"1":[2,33],"2":[33,3],"3":[11,22],"4":[2,9],"5":[1,32],"6":[4,28],"7":[32,12],"8":[1,27],"9":[28,8],"10":[28,20],"11":[28,20],"12":[6,22],"13":[14,14],"14":[6,22],"15":[2,26],"16":[28,5],"17":[1,1],"18":[1,26],"19":[27,7],"20":[1,25],"21":[26,2]}}
}
