TN:
SF:/Users/nimo/Documents/typejson/js/src/createOrGetValue.ts
FN:1,createOrGetValue
FN:4,(anonymous_1)
FNF:2
FNH:2
FNDA:1,createOrGetValue
FNDA:1,(anonymous_1)
DA:2,1
DA:4,1
DA:5,1
DA:6,1
DA:7,1
DA:8,1
DA:10,0
DA:12,1
DA:15,1
LF:9
LH:8
BRDA:6,0,0,1
BRDA:6,0,1,0
BRDA:10,1,0,0
BRDA:10,1,1,0
BRF:4
BRH:1
end_of_record
TN:
SF:/Users/nimo/Documents/typejson/js/src/index.ts
FN:22,(anonymous_0)
FN:23,(anonymous_2)
FN:26,(anonymous_3)
FN:32,(anonymous_4)
FN:55,(anonymous_5)
FN:79,(anonymous_6)
FNF:6
FNH:4
FNDA:2,(anonymous_0)
FNDA:1,(anonymous_2)
FNDA:0,(anonymous_3)
FNDA:1,(anonymous_4)
FNDA:0,(anonymous_5)
FNDA:1,(anonymous_6)
DA:1,1
DA:2,1
DA:4,1
DA:6,1
DA:8,1
DA:22,1
DA:23,1
DA:24,1
DA:25,1
DA:26,1
DA:27,0
DA:28,0
DA:29,0
DA:32,1
DA:33,1
DA:34,1
DA:35,0
DA:37,1
DA:38,1
DA:39,1
DA:41,1
DA:42,1
DA:43,1
DA:44,1
DA:49,0
DA:53,0
DA:54,0
DA:55,0
DA:56,0
DA:57,0
DA:60,0
DA:62,0
DA:64,1
DA:65,1
DA:66,0
DA:68,1
DA:69,1
DA:70,1
DA:71,0
DA:73,1
DA:74,1
DA:75,0
DA:77,1
DA:79,1
DA:80,1
DA:81,1
DA:82,0
DA:85,1
DA:86,0
DA:93,0
DA:95,1
DA:96,0
DA:99,1
DA:100,0
DA:101,0
DA:102,0
DA:104,0
DA:105,0
DA:107,1
DA:108,1
DA:110,0
DA:111,0
DA:113,0
DA:115,0
DA:117,1
DA:119,1
DA:120,1
DA:121,1
LF:68
LH:40
BRDA:27,0,0,0
BRDA:27,0,1,0
BRDA:34,1,0,0
BRDA:34,1,1,1
BRDA:44,2,0,0
BRDA:44,2,1,1
BRDA:54,3,0,0
BRDA:54,3,1,0
BRDA:65,4,0,0
BRDA:65,4,1,1
BRDA:70,5,0,0
BRDA:70,5,1,1
BRDA:70,6,0,1
BRDA:70,6,1,1
BRDA:74,7,0,0
BRDA:74,7,1,1
BRDA:74,8,0,1
BRDA:74,8,1,1
BRDA:77,9,0,1
BRDA:77,9,1,0
BRDA:80,10,0,1
BRDA:80,10,1,0
BRDA:81,11,0,0
BRDA:81,11,1,1
BRDA:85,12,0,0
BRDA:85,12,1,1
BRDA:95,13,0,0
BRDA:95,13,1,1
BRDA:99,14,0,0
BRDA:99,14,1,1
BRDA:99,15,0,1
BRDA:99,15,1,0
BRDA:101,16,0,0
BRDA:101,16,1,0
BRDA:107,17,0,1
BRDA:107,17,1,0
BRDA:107,18,0,1
BRDA:107,18,1,1
BRDA:110,19,0,0
BRDA:110,19,1,0
BRDA:110,20,0,0
BRDA:110,20,1,0
BRF:42
BRH:19
end_of_record
