TN:
SF:/Users/nimo/Documents/typejson/js/src/index.ts
FN:21,(anonymous_0)
FN:22,(anonymous_2)
FN:25,(anonymous_3)
FN:31,(anonymous_4)
FN:40,(anonymous_5)
FN:64,(anonymous_6)
FN:88,(anonymous_7)
FNF:7
FNH:7
FNDA:25,(anonymous_0)
FNDA:25,(anonymous_2)
FNDA:9,(anonymous_3)
FNDA:35,(anonymous_4)
FNDA:36,(anonymous_5)
FNDA:4,(anonymous_6)
FNDA:28,(anonymous_7)
DA:1,1
DA:3,1
DA:5,1
DA:7,1
DA:21,1
DA:22,1
DA:23,25
DA:24,25
DA:25,25
DA:26,9
DA:27,1
DA:28,1
DA:31,25
DA:32,35
DA:33,35
DA:34,2
DA:36,33
DA:37,33
DA:38,33
DA:40,33
DA:41,36
DA:42,36
DA:43,36
DA:47,3
DA:50,33
DA:51,33
DA:52,33
DA:53,33
DA:58,11
DA:62,11
DA:63,11
DA:64,4
DA:65,2
DA:66,2
DA:69,9
DA:71,11
DA:73,33
DA:74,33
DA:75,1
DA:77,32
DA:78,32
DA:79,32
DA:80,4
DA:82,28
DA:83,28
DA:84,1
DA:86,28
DA:88,28
DA:89,28
DA:90,28
DA:91,6
DA:94,28
DA:95,14
DA:102,14
DA:104,28
DA:105,6
DA:108,28
DA:109,2
DA:110,2
DA:111,1
DA:113,1
DA:114,1
DA:116,27
DA:117,1
DA:119,26
DA:120,1
DA:122,25
DA:124,17
DA:126,1
DA:128,1
DA:129,1
DA:130,1
LF:72
LH:72
BRDA:26,0,0,1
BRDA:26,0,1,8
BRDA:33,1,0,2
BRDA:33,1,1,33
BRDA:43,2,0,33
BRDA:43,2,1,3
BRDA:53,3,0,11
BRDA:53,3,1,22
BRDA:63,4,0,2
BRDA:63,4,1,9
BRDA:74,5,0,1
BRDA:74,5,1,32
BRDA:79,6,0,4
BRDA:79,6,1,28
BRDA:79,7,0,32
BRDA:79,7,1,12
BRDA:83,8,0,1
BRDA:83,8,1,27
BRDA:83,9,0,28
BRDA:83,9,1,8
BRDA:86,10,0,28
BRDA:86,10,1,20
BRDA:89,11,0,28
BRDA:89,11,1,20
BRDA:90,12,0,6
BRDA:90,12,1,22
BRDA:94,13,0,14
BRDA:94,13,1,14
BRDA:104,14,0,6
BRDA:104,14,1,22
BRDA:108,15,0,2
BRDA:108,15,1,26
BRDA:108,16,0,28
BRDA:108,16,1,5
BRDA:110,17,0,1
BRDA:110,17,1,1
BRDA:116,18,0,1
BRDA:116,18,1,26
BRDA:116,19,0,27
BRDA:116,19,1,7
BRDA:119,20,0,1
BRDA:119,20,1,25
BRDA:119,21,0,26
BRDA:119,21,1,2
BRF:44
BRH:44
end_of_record
